<?xml version="1.0" encoding="UTF-8"?>
<!-- Generated by org.testng.reporters.JUnitReportReporter -->
<testsuite hostname="MacBook-Pro-Petr.local" failures="0" tests="1" name="org.example.CalcTest" time="0.003" errors="0" timestamp="2020-12-20T20:53:08 GMT+04:00" skipped="0">
  <testcase classname="org.example.CalcTest" name="testSum" time="0.003"/>
  <system-out/>
</testsuite> <!-- org.example.CalcTest -->
